<?xml version="1.0" encoding="UTF-8"?><testsuite failures="0" name="cucumber.runtime.formatter.JUnitFormatter" skipped="0" tests="1" time="0">
<testcase classname="Deal data creation" name="Free CRM Create a new deal scenario" time="0">
<system-out><![CDATA[Given user is already on Login Page.........................................skipped
When title of login page is Free CRM........................................skipped
Then user enters username and password......................................skipped
Then user clicks on login button............................................skipped
Then user is on home page...................................................skipped
Then user moves to new deal page............................................skipped
Then user enters deal details...............................................skipped
Then Close the browser......................................................skipped
]]></system-out>
</testcase>
</testsuite>
